<?xml version="1.0" encoding="UTF-8"?>
<testng-results ignored="0" total="1" passed="1" failed="0" skipped="0">
  <reporter-output>
  </reporter-output>
  <suite started-at="2021-11-25T20:48:30 IST" name="Default suite" finished-at="2021-11-25T20:48:52 IST" duration-ms="22711">
    <groups>
    </groups>
    <test started-at="2021-11-25T20:48:30 IST" name="Default test" finished-at="2021-11-25T20:48:52 IST" duration-ms="22711">
      <class name="com.testcases.LoginPageTest">
        <test-method signature="verifyLoginFunctionality()[pri:0, instance:com.testcases.LoginPageTest@50ad3bc1]" started-at="2021-11-25T20:48:30 IST" name="verifyLoginFunctionality" finished-at="2021-11-25T20:48:52 IST" duration-ms="22652" status="PASS">
          <reporter-output>
          </reporter-output>
        </test-method> <!-- verifyLoginFunctionality -->
      </class> <!-- com.testcases.LoginPageTest -->
    </test> <!-- Default test -->
  </suite> <!-- Default suite -->
</testng-results>
